Using pre-set license
Built from '2022.3/staging' branch; Version is '2022.3.1f1 (f18e0c1b5784) revision 15830540'; Using compiler version '192829333'; Build Type 'Release'
OS: 'Windows 11  (10.0.22621) 64bit Core' Language: 'en' Physical Memory: 16164 MB
BatchMode: 1, IsHumanControllingUs: 0, StartBugReporterOnCrash: 0, Is64bit: 1, IsPro: 1

COMMAND LINE ARGUMENTS:
C:\Program Files\Unity 2022.3.1f1\Editor\Unity.exe
-adb2
-batchMode
-noUpm
-name
AssetImportWorker0
-projectPath
C:/Users/lemos/OneDrive/Documents/GitHub/GameDev2-2023/GameDev_PacMan
-logFile
Logs/AssetImportWorker0.log
-srvPort
61095
Successfully changed project path to: C:/Users/lemos/OneDrive/Documents/GitHub/GameDev2-2023/GameDev_PacMan
C:/Users/lemos/OneDrive/Documents/GitHub/GameDev2-2023/GameDev_PacMan
[UnityMemory] Configuration Parameters - Can be set up in boot.config
    "memorysetup-bucket-allocator-granularity=16"
    "memorysetup-bucket-allocator-bucket-count=8"
    "memorysetup-bucket-allocator-block-size=33554432"
    "memorysetup-bucket-allocator-block-count=8"
    "memorysetup-main-allocator-block-size=16777216"
    "memorysetup-thread-allocator-block-size=16777216"
    "memorysetup-gfx-main-allocator-block-size=16777216"
    "memorysetup-gfx-thread-allocator-block-size=16777216"
    "memorysetup-cache-allocator-block-size=4194304"
    "memorysetup-typetree-allocator-block-size=2097152"
    "memorysetup-profiler-bucket-allocator-granularity=16"
    "memorysetup-profiler-bucket-allocator-bucket-count=8"
    "memorysetup-profiler-bucket-allocator-block-size=33554432"
    "memorysetup-profiler-bucket-allocator-block-count=8"
    "memorysetup-profiler-allocator-block-size=16777216"
    "memorysetup-profiler-editor-allocator-block-size=1048576"
    "memorysetup-temp-allocator-size-main=16777216"
    "memorysetup-job-temp-allocator-block-size=2097152"
    "memorysetup-job-temp-allocator-block-size-background=1048576"
    "memorysetup-job-temp-allocator-reduction-small-platforms=262144"
    "memorysetup-allocator-temp-initial-block-size-main=262144"
    "memorysetup-allocator-temp-initial-block-size-worker=262144"
    "memorysetup-temp-allocator-size-background-worker=32768"
    "memorysetup-temp-allocator-size-job-worker=262144"
    "memorysetup-temp-allocator-size-preload-manager=33554432"
    "memorysetup-temp-allocator-size-nav-mesh-worker=65536"
    "memorysetup-temp-allocator-size-audio-worker=65536"
    "memorysetup-temp-allocator-size-cloud-worker=32768"
    "memorysetup-temp-allocator-size-gi-baking-worker=262144"
    "memorysetup-temp-allocator-size-gfx=262144"
Player connection [42056] Host "[IP] 192.168.1.162 [Port] 0 [Flags] 2 [Guid] 893633551 [EditorId] 893633551 [Version] 1048832 [Id] WindowsEditor(7,GummyBearPC) [Debug] 1 [PackageName] WindowsEditor [ProjectName] Editor" joined multi-casting on [225.0.0.222:54997]...

Player connection [42056] Host "[IP] 192.168.1.162 [Port] 0 [Flags] 2 [Guid] 893633551 [EditorId] 893633551 [Version] 1048832 [Id] WindowsEditor(7,GummyBearPC) [Debug] 1 [PackageName] WindowsEditor [ProjectName] Editor" joined alternative multi-casting on [225.0.0.222:34997]...

Refreshing native plugins compatible for Editor in 5.35 ms, found 3 plugins.
Preloading 0 native plugins for Editor in 0.00 ms.
Initialize engine version: 2022.3.1f1 (f18e0c1b5784)
[Subsystems] Discovering subsystems at path C:/Program Files/Unity 2022.3.1f1/Editor/Data/Resources/UnitySubsystems
[Subsystems] Discovering subsystems at path C:/Users/lemos/OneDrive/Documents/GitHub/GameDev2-2023/GameDev_PacMan/Assets
GfxDevice: creating device client; threaded=0; jobified=0
Direct3D:
    Version:  Direct3D 11.0 [level 11.1]
    Renderer: NVIDIA GeForce RTX 3070 (ID=0x2488)
    Vendor:   NVIDIA
    VRAM:     8032 MB
    Driver:   31.0.15.3667
Initialize mono
Mono path[0] = 'C:/Program Files/Unity 2022.3.1f1/Editor/Data/Managed'
Mono path[1] = 'C:/Program Files/Unity 2022.3.1f1/Editor/Data/MonoBleedingEdge/lib/mono/unityjit-win32'
Mono config path = 'C:/Program Files/Unity 2022.3.1f1/Editor/Data/MonoBleedingEdge/etc'
Using monoOptions --debugger-agent=transport=dt_socket,embedding=1,server=y,suspend=n,address=127.0.0.1:56376
Begin MonoManager ReloadAssembly
Registering precompiled unity dll's ...
Register platform support module: C:/Program Files/Unity 2022.3.1f1/Editor/Data/PlaybackEngines/WindowsStandaloneSupport/UnityEditor.WindowsStandalone.Extensions.dll
Registered in 0.002466 seconds.
- Loaded All Assemblies, in  0.200 seconds
Native extension for WindowsStandalone target not found
Mono: successfully reloaded assembly
- Finished resetting the current domain, in  0.157 seconds
Domain Reload Profiling: 356ms
	BeginReloadAssembly (52ms)
		ExecutionOrderSort (0ms)
		DisableScriptedObjects (0ms)
		BackupInstance (0ms)
		ReleaseScriptingObjects (0ms)
		CreateAndSetChildDomain (1ms)
	RebuildCommonClasses (20ms)
	RebuildNativeTypeToScriptingClass (6ms)
	initialDomainReloadingComplete (33ms)
	LoadAllAssembliesAndSetupDomain (89ms)
		LoadAssemblies (49ms)
		RebuildTransferFunctionScriptingTraits (0ms)
		AnalyzeDomain (85ms)
			TypeCache.Refresh (84ms)
				TypeCache.ScanAssembly (77ms)
			ScanForSourceGeneratedMonoScriptInfo (0ms)
			ResolveRequiredComponents (0ms)
	FinalizeReload (157ms)
		ReleaseScriptCaches (0ms)
		RebuildScriptCaches (0ms)
		SetupLoadedEditorAssemblies (122ms)
			LogAssemblyErrors (0ms)
			InitializePlatformSupportModulesInManaged (5ms)
			SetLoadedEditorAssemblies (6ms)
			RefreshPlugins (0ms)
			BeforeProcessingInitializeOnLoad (1ms)
			ProcessInitializeOnLoadAttributes (81ms)
			ProcessInitializeOnLoadMethodAttributes (28ms)
			AfterProcessingInitializeOnLoad (0ms)
			EditorAssembliesLoaded (0ms)
		ExecutionOrderSort2 (0ms)
		AwakeInstancesAfterBackupRestoration (0ms)
========================================================================
Worker process is ready to serve import requests
Begin MonoManager ReloadAssembly
Symbol file LoadedFromMemory doesn't match image C:\Users\lemos\OneDrive\Documents\GitHub\GameDev2-2023\GameDev_PacMan\Library\PackageCache\com.unity.visualscripting@1.8.0\Editor\VisualScripting.Core\Dependencies\YamlDotNet\Unity.VisualScripting.YamlDotNet.dll
Symbol file LoadedFromMemory doesn't match image C:\Users\lemos\OneDrive\Documents\GitHub\GameDev2-2023\GameDev_PacMan\Library\PackageCache\com.unity.visualscripting@1.8.0\Editor\VisualScripting.Core\Dependencies\DotNetZip\Unity.VisualScripting.IonicZip.dll
- Loaded All Assemblies, in  0.445 seconds
Refreshing native plugins compatible for Editor in 1.89 ms, found 3 plugins.
Native extension for WindowsStandalone target not found
Mono: successfully reloaded assembly
- Finished resetting the current domain, in  0.300 seconds
Domain Reload Profiling: 743ms
	BeginReloadAssembly (75ms)
		ExecutionOrderSort (0ms)
		DisableScriptedObjects (3ms)
		BackupInstance (0ms)
		ReleaseScriptingObjects (0ms)
		CreateAndSetChildDomain (13ms)
	RebuildCommonClasses (18ms)
	RebuildNativeTypeToScriptingClass (6ms)
	initialDomainReloadingComplete (25ms)
	LoadAllAssembliesAndSetupDomain (319ms)
		LoadAssemblies (187ms)
		RebuildTransferFunctionScriptingTraits (0ms)
		AnalyzeDomain (167ms)
			TypeCache.Refresh (155ms)
				TypeCache.ScanAssembly (148ms)
			ScanForSourceGeneratedMonoScriptInfo (9ms)
			ResolveRequiredComponents (2ms)
	FinalizeReload (300ms)
		ReleaseScriptCaches (0ms)
		RebuildScriptCaches (0ms)
		SetupLoadedEditorAssemblies (217ms)
			LogAssemblyErrors (0ms)
			InitializePlatformSupportModulesInManaged (3ms)
			SetLoadedEditorAssemblies (3ms)
			RefreshPlugins (0ms)
			BeforeProcessingInitializeOnLoad (34ms)
			ProcessInitializeOnLoadAttributes (153ms)
			ProcessInitializeOnLoadMethodAttributes (18ms)
			AfterProcessingInitializeOnLoad (7ms)
			EditorAssembliesLoaded (0ms)
		ExecutionOrderSort2 (0ms)
		AwakeInstancesAfterBackupRestoration (4ms)
Launched and connected shader compiler UnityShaderCompiler.exe after 0.03 seconds
Refreshing native plugins compatible for Editor in 1.90 ms, found 3 plugins.
Preloading 0 native plugins for Editor in 0.00 ms.
Unloading 3197 Unused Serialized files (Serialized files now loaded: 0)
Unloading 35 unused Assets / (56.2 KB). Loaded Objects now: 3665.
Memory consumption went from 119.3 MB to 119.2 MB.
Total: 2.052500 ms (FindLiveObjects: 0.178000 ms CreateObjectMapping: 0.053900 ms MarkObjects: 1.753500 ms  DeleteObjects: 0.066500 ms)

AssetImportParameters requested are different than current active one (requested -> active):
  custom:container-demuxer-ogg: 62fdf1f143b41e24485cea50d1cbac27 -> 
  custom:video-codec-MediaFoundation-h265: 746d11721c4dcdbdad8f713fa42b33f4 -> 
  custom:video-decoder-ogg-theora: a1e56fd34408186e4bbccfd4996cb3dc -> 
  custom:framework-win-MediaFoundation: 216162199b28c13a410421893ffa2e32 -> 
  custom:container-demuxer-webm: 4f35f7cbe854078d1ac9338744f61a02 -> 
  custom:container-muxer-webm: aa71ff27fc2769a1b78a27578f13a17b -> 
  custom:video-decoder-webm-vp8: 9c59270c3fd7afecdb556c50c9e8de78 -> 
  custom:AudioImporter_EditorPlatform: d09bf68614088b80899f8185d706f6e7 -> 
  custom:video-encoder-webm-vp8: eb34c28f22e8b96e1ab97ce403110664 -> 
  custom:audio-decoder-ogg-vorbis: bf7c407c2cedff20999df2af8eb42d56 -> 
  custom:audio-encoder-webm-vorbis: bf7c407c2cedff20999df2af8eb42d56 -> 
========================================================================
Received Import Request.
  Time since last request: 717686.115372 seconds.
  path: Assets/_MyPrefabs/Sphere.prefab
  artifactKey: Guid(2117f293c0a86f246a38f8516ad6be3f) Importer(815301076,1909f56bfc062723c751e8b465ee728b)
Start importing Assets/_MyPrefabs/Sphere.prefab using Guid(2117f293c0a86f246a38f8516ad6be3f) Importer(815301076,1909f56bfc062723c751e8b465ee728b)  -> (artifact id: 'a350d0aced3cd224f39ceba95b7c6efe') in 0.069879 seconds
Number of updated asset objects reloaded before import = 0
Number of asset objects unloaded after import = 8
========================================================================
Received Import Request.
  Time since last request: 188.285121 seconds.
  path: Assets/_ChompMan-PM/Materials
  artifactKey: Guid(a592cc9ccdf138e4eb0a01289d1aecee) Importer(815301076,1909f56bfc062723c751e8b465ee728b)
Start importing Assets/_ChompMan-PM/Materials using Guid(a592cc9ccdf138e4eb0a01289d1aecee) Importer(815301076,1909f56bfc062723c751e8b465ee728b)  -> (artifact id: 'b4ca98fd3f93c9cfed0cc41ece2d400f') in 0.000562 seconds
Number of updated asset objects reloaded before import = 0
Number of asset objects unloaded after import = 0
========================================================================
Received Import Request.
  Time since last request: 1.302776 seconds.
  path: Assets/_ChompMan-PM/Prefabs
  artifactKey: Guid(e4c6263f2f9802844bbff6dffecb11d7) Importer(815301076,1909f56bfc062723c751e8b465ee728b)
Start importing Assets/_ChompMan-PM/Prefabs using Guid(e4c6263f2f9802844bbff6dffecb11d7) Importer(815301076,1909f56bfc062723c751e8b465ee728b)  -> (artifact id: 'fd182d0eeb990ce8ccc0a18b7859abf8') in 0.000556 seconds
Number of updated asset objects reloaded before import = 0
Number of asset objects unloaded after import = 0
========================================================================
Received Import Request.
  Time since last request: 3.082074 seconds.
  path: Assets/_ChompMan-PM/Prefabs/Enviornment
  artifactKey: Guid(43a118d05c13ee345a9fe665fcda63ac) Importer(815301076,1909f56bfc062723c751e8b465ee728b)
Start importing Assets/_ChompMan-PM/Prefabs/Enviornment using Guid(43a118d05c13ee345a9fe665fcda63ac) Importer(815301076,1909f56bfc062723c751e8b465ee728b)  -> (artifact id: 'c7eaae94faae001bee904e289ccb5b72') in 0.000898 seconds
Number of updated asset objects reloaded before import = 0
Number of asset objects unloaded after import = 0
========================================================================
Received Import Request.
  Time since last request: 0.074560 seconds.
  path: Assets/_ChompMan-PM/Prefabs/Enviornment/Maze_01.prefab
  artifactKey: Guid(e6526052046af5941943d80d7d4d4f54) Importer(815301076,1909f56bfc062723c751e8b465ee728b)
Start importing Assets/_ChompMan-PM/Prefabs/Enviornment/Maze_01.prefab using Guid(e6526052046af5941943d80d7d4d4f54) Importer(815301076,1909f56bfc062723c751e8b465ee728b)  -> (artifact id: 'adf1137e9ba0c75434a4a5f899ff1196') in 0.200064 seconds
Number of updated asset objects reloaded before import = 0
Number of asset objects unloaded after import = 375
========================================================================
Received Import Request.
  Time since last request: 0.000013 seconds.
  path: Assets/_ChompMan-PM/Prefabs/Enviornment/Maze_01_YellowRed.prefab
  artifactKey: Guid(a35802cbcbc46ae4680604cf034aabe2) Importer(815301076,1909f56bfc062723c751e8b465ee728b)
Start importing Assets/_ChompMan-PM/Prefabs/Enviornment/Maze_01_YellowRed.prefab using Guid(a35802cbcbc46ae4680604cf034aabe2) Importer(815301076,1909f56bfc062723c751e8b465ee728b)  -> (artifact id: '51e4fdc3bacc9d405b82ca0dddc6fb98') in 0.089229 seconds
Number of updated asset objects reloaded before import = 0
Number of asset objects unloaded after import = 380
========================================================================
Received Import Request.
  Time since last request: 0.000019 seconds.
  path: Assets/_ChompMan-PM/Prefabs/Enviornment/Maze_01_OrageRed.prefab
  artifactKey: Guid(7bb5d66d5f0caa94dbf73c83f062ec5f) Importer(815301076,1909f56bfc062723c751e8b465ee728b)
Start importing Assets/_ChompMan-PM/Prefabs/Enviornment/Maze_01_OrageRed.prefab using Guid(7bb5d66d5f0caa94dbf73c83f062ec5f) Importer(815301076,1909f56bfc062723c751e8b465ee728b)  -> (artifact id: '504e62da95b7ad61bfddab3df059ed42') in 0.052804 seconds
Number of updated asset objects reloaded before import = 0
Number of asset objects unloaded after import = 380
========================================================================
Received Import Request.
  Time since last request: 0.701847 seconds.
  path: Assets/_ChompMan-PM/Prefabs/Enviornment/Maze_Geo
  artifactKey: Guid(d6e40c5321cf0a4408228ea4e92a0fef) Importer(815301076,1909f56bfc062723c751e8b465ee728b)
Start importing Assets/_ChompMan-PM/Prefabs/Enviornment/Maze_Geo using Guid(d6e40c5321cf0a4408228ea4e92a0fef) Importer(815301076,1909f56bfc062723c751e8b465ee728b)  -> (artifact id: 'f24461e55b701226832f093624e00480') in 0.000625 seconds
Number of updated asset objects reloaded before import = 0
Number of asset objects unloaded after import = 0
========================================================================
Received Import Request.
  Time since last request: 0.078423 seconds.
  path: Assets/_ChompMan-PM/Prefabs/Enviornment/Maze_Geo/Stage_GroundPlace.prefab
  artifactKey: Guid(482e4546ad0203944961c8ecf7d3b390) Importer(815301076,1909f56bfc062723c751e8b465ee728b)
Start importing Assets/_ChompMan-PM/Prefabs/Enviornment/Maze_Geo/Stage_GroundPlace.prefab using Guid(482e4546ad0203944961c8ecf7d3b390) Importer(815301076,1909f56bfc062723c751e8b465ee728b)  -> (artifact id: 'be1fbe4d155efe4d8864e5424f5884b5') in 0.012626 seconds
Number of updated asset objects reloaded before import = 0
Number of asset objects unloaded after import = 11
========================================================================
Received Import Request.
  Time since last request: 0.000013 seconds.
  path: Assets/_ChompMan-PM/Prefabs/Enviornment/Maze_Geo/Stage_Mesh_07.prefab
  artifactKey: Guid(0233dc04347989e4da33675975391794) Importer(815301076,1909f56bfc062723c751e8b465ee728b)
Start importing Assets/_ChompMan-PM/Prefabs/Enviornment/Maze_Geo/Stage_Mesh_07.prefab using Guid(0233dc04347989e4da33675975391794) Importer(815301076,1909f56bfc062723c751e8b465ee728b)  -> (artifact id: 'f0d1c7c306a9cd4e24a30e9c7159d85b') in 0.020517 seconds
Number of updated asset objects reloaded before import = 0
Number of asset objects unloaded after import = 14
========================================================================
Received Import Request.
  Time since last request: 0.000012 seconds.
  path: Assets/_ChompMan-PM/Prefabs/Enviornment/Maze_Geo/StageBorder_Mesh_07.prefab
  artifactKey: Guid(7fca7ee885aa6aa4c84ad0c00f8b24aa) Importer(815301076,1909f56bfc062723c751e8b465ee728b)
Start importing Assets/_ChompMan-PM/Prefabs/Enviornment/Maze_Geo/StageBorder_Mesh_07.prefab using Guid(7fca7ee885aa6aa4c84ad0c00f8b24aa) Importer(815301076,1909f56bfc062723c751e8b465ee728b)  -> (artifact id: '3ab1f686f52fa897c3b454feeb15fdb0') in 0.020776 seconds
Number of updated asset objects reloaded before import = 0
Number of asset objects unloaded after import = 14
========================================================================
Received Import Request.
  Time since last request: 0.000014 seconds.
  path: Assets/_ChompMan-PM/Prefabs/Enviornment/Maze_Geo/Stage_Mesh_03.prefab
  artifactKey: Guid(8a5cdb9359a01f04b8bcc756788fc964) Importer(815301076,1909f56bfc062723c751e8b465ee728b)
Start importing Assets/_ChompMan-PM/Prefabs/Enviornment/Maze_Geo/Stage_Mesh_03.prefab using Guid(8a5cdb9359a01f04b8bcc756788fc964) Importer(815301076,1909f56bfc062723c751e8b465ee728b)  -> (artifact id: '909f6b1f4778e7b756bd82021d865323') in 0.021675 seconds
Number of updated asset objects reloaded before import = 0
Number of asset objects unloaded after import = 14
========================================================================
Received Import Request.
  Time since last request: 0.000017 seconds.
  path: Assets/_ChompMan-PM/Prefabs/Enviornment/Maze_Geo/StageBorder_Mesh_03.prefab
  artifactKey: Guid(997e2f1a52870bf48a98fc7d56cffb2f) Importer(815301076,1909f56bfc062723c751e8b465ee728b)
Start importing Assets/_ChompMan-PM/Prefabs/Enviornment/Maze_Geo/StageBorder_Mesh_03.prefab using Guid(997e2f1a52870bf48a98fc7d56cffb2f) Importer(815301076,1909f56bfc062723c751e8b465ee728b)  -> (artifact id: 'dd922e8ba6ea0e79c23f9025be902448') in 0.020031 seconds
Number of updated asset objects reloaded before import = 0
Number of asset objects unloaded after import = 14
========================================================================
Received Import Request.
  Time since last request: 0.000017 seconds.
  path: Assets/_ChompMan-PM/Prefabs/Enviornment/Maze_Geo/Stage_Mesh_02.prefab
  artifactKey: Guid(807a583b1382b7543ad9555f56ddc2af) Importer(815301076,1909f56bfc062723c751e8b465ee728b)
Start importing Assets/_ChompMan-PM/Prefabs/Enviornment/Maze_Geo/Stage_Mesh_02.prefab using Guid(807a583b1382b7543ad9555f56ddc2af) Importer(815301076,1909f56bfc062723c751e8b465ee728b)  -> (artifact id: '46d1652c031870c7e9abf0bac6711472') in 0.020890 seconds
Number of updated asset objects reloaded before import = 0
Number of asset objects unloaded after import = 14
========================================================================
Received Import Request.
  Time since last request: 0.000014 seconds.
  path: Assets/_ChompMan-PM/Prefabs/Enviornment/Maze_Geo/Stage_Mesh_08.prefab
  artifactKey: Guid(f144b847630c4b846b030e5d59005d8d) Importer(815301076,1909f56bfc062723c751e8b465ee728b)
Start importing Assets/_ChompMan-PM/Prefabs/Enviornment/Maze_Geo/Stage_Mesh_08.prefab using Guid(f144b847630c4b846b030e5d59005d8d) Importer(815301076,1909f56bfc062723c751e8b465ee728b)  -> (artifact id: '7d07776547f35e0a1e9c78ad5397ba1e') in 0.019544 seconds
Number of updated asset objects reloaded before import = 0
Number of asset objects unloaded after import = 14
========================================================================
Received Import Request.
  Time since last request: 0.000018 seconds.
  path: Assets/_ChompMan-PM/Prefabs/Enviornment/Maze_Geo/StageBorder_Mesh_02.prefab
  artifactKey: Guid(933a648f460151542a736691a96656a2) Importer(815301076,1909f56bfc062723c751e8b465ee728b)
Start importing Assets/_ChompMan-PM/Prefabs/Enviornment/Maze_Geo/StageBorder_Mesh_02.prefab using Guid(933a648f460151542a736691a96656a2) Importer(815301076,1909f56bfc062723c751e8b465ee728b)  -> (artifact id: '92578a852b2299ec99bb36b3c7f61501') in 0.018430 seconds
Number of updated asset objects reloaded before import = 0
Number of asset objects unloaded after import = 14
========================================================================
Received Import Request.
  Time since last request: 0.000015 seconds.
  path: Assets/_ChompMan-PM/Prefabs/Enviornment/Maze_Geo/StageBorder_Mesh_010.prefab
  artifactKey: Guid(61e89c061fb90074e9a0e179a5083a64) Importer(815301076,1909f56bfc062723c751e8b465ee728b)
Start importing Assets/_ChompMan-PM/Prefabs/Enviornment/Maze_Geo/StageBorder_Mesh_010.prefab using Guid(61e89c061fb90074e9a0e179a5083a64) Importer(815301076,1909f56bfc062723c751e8b465ee728b)  -> (artifact id: '23b22bbd67ddfdfed098d9b2c0d30e15') in 0.018994 seconds
Number of updated asset objects reloaded before import = 0
Number of asset objects unloaded after import = 14
========================================================================
Received Import Request.
  Time since last request: 0.000016 seconds.
  path: Assets/_ChompMan-PM/Prefabs/Enviornment/Maze_Geo/Stage_Mesh_09.prefab
  artifactKey: Guid(560c09726e6bc4f41ae8ae1dd678d632) Importer(815301076,1909f56bfc062723c751e8b465ee728b)
Start importing Assets/_ChompMan-PM/Prefabs/Enviornment/Maze_Geo/Stage_Mesh_09.prefab using Guid(560c09726e6bc4f41ae8ae1dd678d632) Importer(815301076,1909f56bfc062723c751e8b465ee728b)  -> (artifact id: '83c79f5fcef018f8bce88693a3d64ddd') in 0.019051 seconds
Number of updated asset objects reloaded before import = 0
Number of asset objects unloaded after import = 14
========================================================================
Received Import Request.
  Time since last request: 0.000022 seconds.
  path: Assets/_ChompMan-PM/Prefabs/Enviornment/Maze_Geo/StageBorder_Mesh_08.prefab
  artifactKey: Guid(a275dc06cd35e044ab88880f28151719) Importer(815301076,1909f56bfc062723c751e8b465ee728b)
Start importing Assets/_ChompMan-PM/Prefabs/Enviornment/Maze_Geo/StageBorder_Mesh_08.prefab using Guid(a275dc06cd35e044ab88880f28151719) Importer(815301076,1909f56bfc062723c751e8b465ee728b)  -> (artifact id: '20c14754e18448627dccad1d63fbf598') in 0.018007 seconds
Number of updated asset objects reloaded before import = 0
Number of asset objects unloaded after import = 14
========================================================================
Received Prepare
Begin MonoManager ReloadAssembly
Symbol file LoadedFromMemory doesn't match image C:\Users\lemos\OneDrive\Documents\GitHub\GameDev2-2023\GameDev_PacMan\Library\PackageCache\com.unity.visualscripting@1.8.0\Editor\VisualScripting.Core\Dependencies\YamlDotNet\Unity.VisualScripting.YamlDotNet.dll
Symbol file LoadedFromMemory doesn't match image C:\Users\lemos\OneDrive\Documents\GitHub\GameDev2-2023\GameDev_PacMan\Library\PackageCache\com.unity.visualscripting@1.8.0\Editor\VisualScripting.Core\Dependencies\DotNetZip\Unity.VisualScripting.IonicZip.dll
- Loaded All Assemblies, in  0.407 seconds
Refreshing native plugins compatible for Editor in 2.08 ms, found 3 plugins.
Native extension for WindowsStandalone target not found
Mono: successfully reloaded assembly
- Finished resetting the current domain, in  0.546 seconds
Domain Reload Profiling: 951ms
	BeginReloadAssembly (91ms)
		ExecutionOrderSort (0ms)
		DisableScriptedObjects (4ms)
		BackupInstance (0ms)
		ReleaseScriptingObjects (0ms)
		CreateAndSetChildDomain (25ms)
	RebuildCommonClasses (18ms)
	RebuildNativeTypeToScriptingClass (6ms)
	initialDomainReloadingComplete (19ms)
	LoadAllAssembliesAndSetupDomain (269ms)
		LoadAssemblies (160ms)
		RebuildTransferFunctionScriptingTraits (0ms)
		AnalyzeDomain (144ms)
			TypeCache.Refresh (142ms)
				TypeCache.ScanAssembly (134ms)
			ScanForSourceGeneratedMonoScriptInfo (0ms)
			ResolveRequiredComponents (2ms)
	FinalizeReload (546ms)
		ReleaseScriptCaches (0ms)
		RebuildScriptCaches (0ms)
		SetupLoadedEditorAssemblies (242ms)
			LogAssemblyErrors (0ms)
			InitializePlatformSupportModulesInManaged (4ms)
			SetLoadedEditorAssemblies (4ms)
			RefreshPlugins (0ms)
			BeforeProcessingInitializeOnLoad (48ms)
			ProcessInitializeOnLoadAttributes (163ms)
			ProcessInitializeOnLoadMethodAttributes (19ms)
			AfterProcessingInitializeOnLoad (5ms)
			EditorAssembliesLoaded (0ms)
		ExecutionOrderSort2 (0ms)
		AwakeInstancesAfterBackupRestoration (6ms)
Refreshing native plugins compatible for Editor in 2.82 ms, found 3 plugins.
Preloading 0 native plugins for Editor in 0.00 ms.
Unloading 3189 Unused Serialized files (Serialized files now loaded: 0)
Unloading 21 unused Assets / (29.8 KB). Loaded Objects now: 3678.
Memory consumption went from 122.6 MB to 122.5 MB.
Total: 2.513300 ms (FindLiveObjects: 0.131700 ms CreateObjectMapping: 0.045100 ms MarkObjects: 2.298600 ms  DeleteObjects: 0.037300 ms)

Prepare: number of updated asset objects reloaded= 0
AssetImportParameters requested are different than current active one (requested -> active):
  custom:container-demuxer-ogg: 62fdf1f143b41e24485cea50d1cbac27 -> 
  custom:video-codec-MediaFoundation-h265: 746d11721c4dcdbdad8f713fa42b33f4 -> 
  custom:video-decoder-ogg-theora: a1e56fd34408186e4bbccfd4996cb3dc -> 
  custom:framework-win-MediaFoundation: 216162199b28c13a410421893ffa2e32 -> 
  custom:container-demuxer-webm: 4f35f7cbe854078d1ac9338744f61a02 -> 
  custom:container-muxer-webm: aa71ff27fc2769a1b78a27578f13a17b -> 
  custom:video-decoder-webm-vp8: 9c59270c3fd7afecdb556c50c9e8de78 -> 
  custom:AudioImporter_EditorPlatform: d09bf68614088b80899f8185d706f6e7 -> 
  custom:video-encoder-webm-vp8: eb34c28f22e8b96e1ab97ce403110664 -> 
  custom:audio-decoder-ogg-vorbis: bf7c407c2cedff20999df2af8eb42d56 -> 
  custom:audio-encoder-webm-vorbis: bf7c407c2cedff20999df2af8eb42d56 -> 
Editor requested this worker to shutdown with reason: Scaling down because of idle timeout
TcpMessagingSession - receive error: operation aborted. errorcode: 995, details: The I/O operation has been aborted because of either a thread exit or an application request.
AssetImportWorker is now disconnected from the server
Process exiting
Exiting without the bug reporter. Application will terminate with return code 0